<?xml version="1.0" encoding="UTF-8"?>
<testsuite name="edu.jsu.mcis.TictactoeTest" tests="10" skipped="0" failures="0" errors="0" timestamp="2015-01-25T22:42:07" hostname="MSI_Adam" time="0.039">
  <properties/>
  <testcase name="testInitialBoardIsCompletelyEmpty" classname="edu.jsu.mcis.TictactoeTest" time="0.012"/>
  <testcase name="testGameWonByMarkXByDiagonal" classname="edu.jsu.mcis.TictactoeTest" time="0.003"/>
  <testcase name="testOutcomeIsKeepGoingIfThereIsNoWinnerOrDraw" classname="edu.jsu.mcis.TictactoeTest" time="0.0"/>
  <testcase name="testGameEndsInADraw" classname="edu.jsu.mcis.TictactoeTest" time="0.0"/>
  <testcase name="testDisplayPrintsXifSpaceIsXmark" classname="edu.jsu.mcis.TictactoeTest" time="0.021"/>
  <testcase name="testGameWonByMarkXByFillingTopRow" classname="edu.jsu.mcis.TictactoeTest" time="0.0"/>
  <testcase name="testMarkXInUpperRightCornerThenOInBottomCenter" classname="edu.jsu.mcis.TictactoeTest" time="0.0"/>
  <testcase name="testMarkXInUpperRightCorner" classname="edu.jsu.mcis.TictactoeTest" time="0.0"/>
  <testcase name="testIfClearEmptysTheBoard" classname="edu.jsu.mcis.TictactoeTest" time="0.0"/>
  <testcase name="testGameWonByMark0ByFillingLeftColumn" classname="edu.jsu.mcis.TictactoeTest" time="0.0"/>
  <system-out><![CDATA[ *  *  X 
 *  *  * 
 *  *  * 
]]></system-out>
  <system-err><![CDATA[]]></system-err>
</testsuite>
